01 - CreateScenario.rsc
02 - InitialProcessing.rsc
03 - Accessibility.rsc
04 - PopulationSynthesis.rsc
05 - Resident Productions.rsc
06 - Time of Day.rsc
07 - NonMotorized.rsc
08 - Parking.rsc
09 - Calculate MC Probabilities.rsc
10 - Destination Choice.rsc
Commercial Vehicles.rsc
Roadway Assignment.rsc
Transit Assignment.rsc
Summaries.rsc
Skimming.rsc
Airport.rsc
Internal External.rsc
utils/utils.rsc
utils/mc.rsc
utils/df.rsc
utils/RoadwayProjectManagement.rsc
utils/TransitProjectManagement.rsc
flow_chart/NLMCreateFromPMEClass.rsc